#
# There is insufficient memory for the Java Runtime Environment to continue.
# Native memory allocation (malloc) failed to allocate 1048576 bytes for AllocateHeap
# Possible reasons:
#   The system is out of physical RAM or swap space
#   In 32 bit mode, the process size limit was hit
# Possible solutions:
#   Reduce memory load on the system
#   Increase physical memory or swap space
#   Check if swap backing store is full
#   Use 64 bit Java on a 64 bit OS
#   Decrease Java heap size (-Xmx/-Xms)
#   Decrease number of Java threads
#   Decrease Java thread stack sizes (-Xss)
#   Set larger code cache with -XX:ReservedCodeCacheSize=
# This output file may be truncated or incomplete.
#
#  Out of Memory Error (memory/allocation.inline.hpp:62), pid=4388, tid=6052
#
# JRE version:  (8.0_05-b13) (build )
# Java VM: Java HotSpot(TM) 64-Bit Server VM (25.5-b02 mixed mode windows-amd64 compressed oops)
# Failed to write core dump. Minidumps are not enabled by default on client versions of Windows
#

---------------  T H R E A D  ---------------

Current thread (0x000000000308e000):  JavaThread "Unknown thread" [_thread_in_vm, id=6052, stack(0x0000000002eb0000,0x0000000002fb0000)]

Stack: [0x0000000002eb0000,0x0000000002fb0000]
Native frames: (J=compiled Java code, j=interpreted, Vv=VM code, C=native code)
V  [jvm.dll+0x308dea]
V  [jvm.dll+0x25def1]
V  [jvm.dll+0x25eb0f]
V  [jvm.dll+0x2564e5]
V  [jvm.dll+0x3d020f]
V  [jvm.dll+0x3d0bff]
V  [jvm.dll+0x3d0e64]
V  [jvm.dll+0x3d1033]
V  [jvm.dll+0xe2142]
V  [jvm.dll+0x1f1419]
V  [jvm.dll+0x2227c4]
V  [jvm.dll+0x149f71]
C  [java.exe+0x207a]
C  [java.exe+0xc99b]
C  [java.exe+0xca2f]
C  [KERNEL32.DLL+0x18102]
C  [ntdll.dll+0x5c5b4]


---------------  P R O C E S S  ---------------

Java Threads: ( => current thread )

Other Threads:

=>0x000000000308e000 (exited) JavaThread "Unknown thread" [_thread_in_vm, id=6052, stack(0x0000000002eb0000,0x0000000002fb0000)]

VM state:not at safepoint (normal execution)

VM Mutex/Monitor currently owned by a thread: None

Heap:
 PSYoungGen      total 1024K, used 20K [0x00000000eab00000, 0x00000000eac80000, 0x0000000100000000)
  eden space 512K, 4% used [0x00000000eab00000,0x00000000eab05288,0x00000000eab80000)
  from space 512K, 0% used [0x00000000eac00000,0x00000000eac00000,0x00000000eac80000)
  to   space 512K, 0% used [0x00000000eab80000,0x00000000eab80000,0x00000000eac00000)
 ParOldGen       total 123392K, used 0K [0x00000000c0000000, 0x00000000c7880000, 0x00000000eab00000)
  object space 123392K, 0% used [0x00000000c0000000,0x00000000c0000000,0x00000000c7880000)
 Metaspace       used 673K, capacity 4480K, committed 4480K, reserved 1056768K
  class space    used 66K, capacity 384K, committed 384K, reserved 1048576K

Card table byte_map: [0x0000000012550000,0x0000000012760000] byte_map_base: 0x0000000011f50000

Marking Bits: (ParMarkBitMap*) 0x00000000621213b0
 Begin Bits: [0x0000000012ac0000, 0x0000000013ac0000)
 End Bits:   [0x0000000013ac0000, 0x0000000014ac0000)

Polling page: 0x00000000012f0000

CodeCache: size=245760Kb used=326Kb max_used=326Kb free=245433Kb
 bounds [0x0000000003190000, 0x0000000003400000, 0x0000000012190000]
 total_blobs=55 nmethods=0 adapters=37
 compilation: enabled

Compilation events (0 events):
No events

GC Heap History (0 events):
No events

Deoptimization events (0 events):
No events

Internal exceptions (0 events):
No events

Events (10 events):
Event: 0.045 loading class java/lang/Short
Event: 0.045 loading class java/lang/Short done
Event: 0.045 loading class java/lang/Integer
Event: 0.046 loading class java/lang/Integer done
Event: 0.046 loading class java/lang/Long
Event: 0.046 loading class java/lang/Long done
Event: 0.047 loading class java/lang/NullPointerException
Event: 0.047 loading class java/lang/NullPointerException done
Event: 0.047 loading class java/lang/ArithmeticException
Event: 0.047 loading class java/lang/ArithmeticException done


Dynamic libraries:
0x00007ff61c7b0000 - 0x00007ff61c7e4000 	D:\Program Files\Java\jdk1.8.0_05\bin\java.exe
0x00007fffdc220000 - 0x00007fffdc3e1000 	C:\WINDOWS\SYSTEM32\ntdll.dll
0x00007fffd9860000 - 0x00007fffd990d000 	C:\WINDOWS\system32\KERNEL32.DLL
0x00007fffd8de0000 - 0x00007fffd8fc8000 	C:\WINDOWS\system32\KERNELBASE.dll
0x00007fffd9cf0000 - 0x00007fffd9d97000 	C:\WINDOWS\system32\ADVAPI32.dll
0x00007fffd9c50000 - 0x00007fffd9ced000 	C:\WINDOWS\system32\msvcrt.dll
0x00007fffd9f30000 - 0x00007fffd9f8b000 	C:\WINDOWS\system32\sechost.dll
0x00007fffd9630000 - 0x00007fffd974c000 	C:\WINDOWS\system32\RPCRT4.dll
0x00007fffd9910000 - 0x00007fffd9a66000 	C:\WINDOWS\system32\USER32.dll
0x00007fffd9da0000 - 0x00007fffd9f26000 	C:\WINDOWS\system32\GDI32.dll
0x00007fffd4e40000 - 0x00007fffd50b4000 	C:\WINDOWS\WinSxS\amd64_microsoft.windows.common-controls_6595b64144ccf1df_6.0.10586.494_none_a2d8b04ea53e3145\COMCTL32.dll
0x00007fffdbde0000 - 0x00007fffdc05d000 	C:\WINDOWS\system32\combase.dll
0x00007fffd8d50000 - 0x00007fffd8dba000 	C:\WINDOWS\system32\bcryptPrimitives.dll
0x00007fffd9750000 - 0x00007fffd978b000 	C:\WINDOWS\system32\IMM32.DLL
0x00007fffd8730000 - 0x00007fffd8761000 	C:\Windows\system32\nvinitx.dll
0x00007fffd8720000 - 0x00007fffd872a000 	C:\WINDOWS\SYSTEM32\VERSION.dll
0x00000000642e0000 - 0x00000000642e6000 	C:\Program Files\NVIDIA Corporation\CoProcManager\_etoured.dll
0x00007fffd5db0000 - 0x00007fffd5de2000 	C:\Program Files\NVIDIA Corporation\CoProcManager\nvd3d9wrapx.dll
0x00007fffdb990000 - 0x00007fffdbdb9000 	C:\WINDOWS\system32\SETUPAPI.dll
0x00007fffd88d0000 - 0x00007fffd8913000 	C:\WINDOWS\system32\CFGMGR32.dll
0x00007fffd5d80000 - 0x00007fffd5da2000 	C:\Program Files\NVIDIA Corporation\CoProcManager\nvdxgiwrapx.dll
0x0000000061300000 - 0x00000000613d2000 	D:\Program Files\Java\jdk1.8.0_05\jre\bin\msvcr100.dll
0x0000000061970000 - 0x000000006219a000 	D:\Program Files\Java\jdk1.8.0_05\jre\bin\server\jvm.dll
0x00007fffdbdc0000 - 0x00007fffdbdc8000 	C:\WINDOWS\system32\PSAPI.DLL
0x00007fffcbdb0000 - 0x00007fffcbdb9000 	C:\WINDOWS\SYSTEM32\WSOCK32.dll
0x00007fffd6a70000 - 0x00007fffd6a93000 	C:\WINDOWS\SYSTEM32\WINMM.dll
0x00007fffd9b80000 - 0x00007fffd9beb000 	C:\WINDOWS\system32\WS2_32.dll
0x00007fffd6a10000 - 0x00007fffd6a3c000 	C:\WINDOWS\SYSTEM32\WINMMBASE.dll
0x0000000062a00000 - 0x0000000062a0f000 	D:\Program Files\Java\jdk1.8.0_05\jre\bin\verify.dll
0x00000000629d0000 - 0x00000000629f8000 	D:\Program Files\Java\jdk1.8.0_05\jre\bin\java.dll
0x00000000629b0000 - 0x00000000629c6000 	D:\Program Files\Java\jdk1.8.0_05\jre\bin\zip.dll
0x00007fffbe430000 - 0x00007fffbe5bc000 	C:\WINDOWS\SYSTEM32\dbghelp.dll

VM Arguments:
jvm_args: -Djava.awt.headless=true -Xmx1024M -Dfile.encoding=GBK -Duser.country=CN -Duser.language=zh -Duser.variant 
java_command: com.android.dx.command.Main --dex --force-jumbo --num-threads=4 --multi-dex --output F:\AndroidstudioProjects\Loushi\app\build\intermediates\transforms\dex\afterABI\debug\folders\1000\10\okio-1.6.0_c410569bd3ae660f2a7eceb3af69efc833b46b70 C:\Users\Administrator\.gradle\caches\modules-2\files-2.1\com.squareup.okio\okio\1.6.0\98476622f10715998eacf9240d6b479f12c66143\okio-1.6.0.jar
java_class_path (initial): D:\Program Files\Android\android-sdk\build-tools\23.0.2\lib\dx.jar
Launcher Type: SUN_STANDARD

Environment Variables:
JAVA_HOME=D:\Program Files\Java\jdk1.8.0_05
CLASSPATH=.;D:\Program Files\Java\jdk1.8.0_05\lib\dt.jar;D:\Program Files\Java\jdk1.8.0_05\lib\tools.jar
PATH=.;E:\SomethingDownloads\android-ndk-r7b-windows\android-ndk-r7b\;D:\Program Files\Java\jdk1.8.0_05\jre\bin;C:\WINDOWS\system32;C:\WINDOWS;C:\WINDOWS\System32\Wbem;C:\WINDOWS\System32\WindowsPowerShell\v1.0\;D:\Program Files\MySQL Server 5.6\mysql-5.6.20-winx64\bin;D:\Program Files\Android\android-sdk\platform-tools;D:\Program Files\Android\android-sdk\tools;E:\SomethingDownloads\adt-bundle-windows-x86_64-20140321\sdk\platform-tools;E:\SomethingDownloads\adt-bundle-windows-x86_64-20140321\sdk\tools;D:\MATLAB\runtime\win64;D:\MATLAB\bin;D:\MATLAB\polyspace\bin;D:\Program Files\Apache Software Foundation\Tomcat 7.0\bin;D:\Program Files\VisualSVN Server\bin;D:\Program Files\TortoiseSVN\bin;D:\Program Files\Java\jdk1.8.0_05\bin;D:\GoogleDownload\sublime text\ctags58
USERNAME=binpeiluo
OS=Windows_NT
PROCESSOR_IDENTIFIER=Intel64 Family 6 Model 58 Stepping 9, GenuineIntel



---------------  S Y S T E M  ---------------

OS: Windows 8.1 , 64 bit Build 9600 

CPU:total 2 (2 cores per cpu, 1 threads per core) family 6 model 58 stepping 9, cmov, cx8, fxsr, mmx, sse, sse2, sse3, ssse3, sse4.1, sse4.2, popcnt, clmul, erms, tsc, tscinvbit

Memory: 4k page, physical 7960016k(3565700k free), swap 11105744k(189528k free)

vm_info: Java HotSpot(TM) 64-Bit Server VM (25.5-b02) for windows-amd64 JRE (1.8.0_05-b13), built on Mar 18 2014 01:08:39 by "java_re" with MS VC++ 10.0 (VS2010)

time: Sat Aug 13 19:57:08 2016
elapsed time: 3 seconds

