#
# There is insufficient memory for the Java Runtime Environment to continue.
# Native memory allocation (malloc) failed to allocate 67108880 bytes for Chunk::new
# Possible reasons:
#   The system is out of physical RAM or swap space
#   In 32 bit mode, the process size limit was hit
# Possible solutions:
#   Reduce memory load on the system
#   Increase physical memory or swap space
#   Check if swap backing store is full
#   Use 64 bit Java on a 64 bit OS
#   Decrease Java heap size (-Xmx/-Xms)
#   Decrease number of Java threads
#   Decrease Java thread stack sizes (-Xss)
#   Set larger code cache with -XX:ReservedCodeCacheSize=
# This output file may be truncated or incomplete.
#
#  Out of Memory Error (allocation.cpp:388), pid=12204, tid=8008
#
# JRE version: Java(TM) SE Runtime Environment (8.0_05-b13) (build 1.8.0_05-b13)
# Java VM: Java HotSpot(TM) 64-Bit Server VM (25.5-b02 mixed mode windows-amd64 compressed oops)
# Failed to write core dump. Minidumps are not enabled by default on client versions of Windows
#

---------------  T H R E A D  ---------------

Current thread (0x0000000014f1e800):  JavaThread "C2 CompilerThread0" daemon [_thread_in_native, id=8008, stack(0x0000000015df0000,0x0000000015ef0000)]

Stack: [0x0000000015df0000,0x0000000015ef0000]
Native frames: (J=compiled Java code, j=interpreted, Vv=VM code, C=native code)
V  [jvm.dll+0x308dea]
V  [jvm.dll+0x25def1]
V  [jvm.dll+0x25eb0f]
V  [jvm.dll+0x2564e5]
V  [jvm.dll+0xbcfc5]
V  [jvm.dll+0xbd45c]
V  [jvm.dll+0x44e048]
V  [jvm.dll+0x44ef20]
V  [jvm.dll+0x44f1da]
V  [jvm.dll+0x4500bf]
V  [jvm.dll+0x452171]
V  [jvm.dll+0x4545a5]
V  [jvm.dll+0x454f2c]
V  [jvm.dll+0x455273]
V  [jvm.dll+0x4420c3]
V  [jvm.dll+0x44366b]
V  [jvm.dll+0x427532]
V  [jvm.dll+0x96702]
V  [jvm.dll+0x96ef3]
V  [jvm.dll+0x2232c4]
V  [jvm.dll+0x27baca]
C  [msvcr100.dll+0x21d9f]
C  [msvcr100.dll+0x21e3b]
C  [KERNEL32.DLL+0x18102]
C  [ntdll.dll+0x5c5b4]


Current CompileTask:
C2:  22805 1761   !   4       com.android.dx.cf.code.Ropper::processBlock (1101 bytes)


---------------  P R O C E S S  ---------------

Java Threads: ( => current thread )
  0x000000001623d800 JavaThread "pool-1-thread-4" [_thread_blocked, id=11944, stack(0x00000000169f0000,0x0000000016af0000)]
  0x000000001611a800 JavaThread "pool-1-thread-3" [_thread_blocked, id=6260, stack(0x00000000168f0000,0x00000000169f0000)]
  0x0000000016118800 JavaThread "pool-1-thread-2" [_thread_blocked, id=4032, stack(0x00000000167f0000,0x00000000168f0000)]
  0x0000000016116800 JavaThread "pool-2-thread-1" [_thread_blocked, id=8336, stack(0x00000000166f0000,0x00000000167f0000)]
  0x0000000016114000 JavaThread "pool-1-thread-1" [_thread_blocked, id=8284, stack(0x00000000165f0000,0x00000000166f0000)]
  0x0000000015f07000 JavaThread "Service Thread" daemon [_thread_blocked, id=7224, stack(0x00000000163f0000,0x00000000164f0000)]
  0x0000000015f02000 JavaThread "C1 CompilerThread1" daemon [_thread_blocked, id=6228, stack(0x00000000162f0000,0x00000000163f0000)]
=>0x0000000014f1e800 JavaThread "C2 CompilerThread0" daemon [_thread_in_native, id=8008, stack(0x0000000015df0000,0x0000000015ef0000)]
  0x0000000014f1c800 JavaThread "Attach Listener" daemon [_thread_blocked, id=3000, stack(0x0000000015cf0000,0x0000000015df0000)]
  0x0000000014f19800 JavaThread "Signal Dispatcher" daemon [_thread_blocked, id=6964, stack(0x0000000015bf0000,0x0000000015cf0000)]
  0x0000000014e74000 JavaThread "Finalizer" daemon [_thread_blocked, id=8400, stack(0x0000000015af0000,0x0000000015bf0000)]
  0x0000000014e6f800 JavaThread "Reference Handler" daemon [_thread_blocked, id=6444, stack(0x00000000159f0000,0x0000000015af0000)]
  0x0000000002a2e000 JavaThread "main" [_thread_in_vm, id=9056, stack(0x0000000002450000,0x0000000002550000)]

Other Threads:
  0x0000000014e6a800 VMThread [stack: 0x00000000158f0000,0x00000000159f0000] [id=6464]
  0x0000000015f13000 WatcherThread [stack: 0x00000000164f0000,0x00000000165f0000] [id=5364]

VM state:synchronizing (normal execution)

VM Mutex/Monitor currently owned by a thread:  ([mutex/lock_event])
[0x0000000002a2d520] Threads_lock - owner thread: 0x0000000014e6a800

Heap:
 PSYoungGen      total 80896K, used 78129K [0x00000000eab00000, 0x00000000f0780000, 0x0000000100000000)
  eden space 70144K, 99% used [0x00000000eab00000,0x00000000eef3c750,0x00000000eef80000)
  from space 10752K, 76% used [0x00000000efb00000,0x00000000f0310010,0x00000000f0580000)
  to   space 11776K, 0% used [0x00000000eef80000,0x00000000eef80000,0x00000000efb00000)
 ParOldGen       total 123392K, used 32997K [0x00000000c0000000, 0x00000000c7880000, 0x00000000eab00000)
  object space 123392K, 26% used [0x00000000c0000000,0x00000000c20396b0,0x00000000c7880000)
 Metaspace       used 6222K, capacity 7064K, committed 7424K, reserved 1056768K
  class space    used 618K, capacity 656K, committed 768K, reserved 1048576K

Card table byte_map: [0x0000000011df0000,0x0000000012000000] byte_map_base: 0x00000000117f0000

Marking Bits: (ParMarkBitMap*) 0x00000000621213b0
 Begin Bits: [0x0000000012360000, 0x0000000013360000)
 End Bits:   [0x0000000013360000, 0x0000000014360000)

Polling page: 0x00000000005f0000

CodeCache: size=245760Kb used=8646Kb max_used=8646Kb free=237113Kb
 bounds [0x0000000002a30000, 0x00000000032b0000, 0x0000000011a30000]
 total_blobs=2240 nmethods=1974 adapters=180
 compilation: enabled

Compilation events (10 events):
Event: 21.436 Thread 0x0000000015f02000 2003       1       java.util.HashMap::afterNodeAccess (1 bytes)
Event: 21.436 Thread 0x0000000015f02000 nmethod 2003 0x00000000032a3a90 code [0x00000000032a3be0, 0x00000000032a3cf0]
Event: 21.444 Thread 0x0000000015f02000 2005 %     3       com.android.dx.ssa.back.FirstFitLocalCombiningAllocator::getLocalItemForReg @ 15 (97 bytes)
Event: 21.445 Thread 0x0000000015f02000 nmethod 2005% 0x00000000032a3d50 code [0x00000000032a3fa0, 0x00000000032a4f58]
Event: 21.445 Thread 0x0000000015f02000 2006       3       com.android.dx.ssa.back.FirstFitLocalCombiningAllocator::getLocalItemForReg (97 bytes)
Event: 21.446 Thread 0x0000000015f02000 nmethod 2006 0x00000000032a54d0 code [0x00000000032a5720, 0x00000000032a6678]
Event: 21.540 Thread 0x0000000015f02000 2007       2       com.android.dx.rop.code.RegisterSpecList::withoutLast (60 bytes)
Event: 21.541 Thread 0x0000000015f02000 nmethod 2007 0x00000000032a6c10 code [0x00000000032a6de0, 0x00000000032a7348]
Event: 21.549 Thread 0x0000000015f02000 2008       1       com.android.dx.ssa.LiteralOpUpgrader$1::visitPhiInsn (1 bytes)
Event: 21.550 Thread 0x0000000015f02000 nmethod 2008 0x00000000032a7890 code [0x00000000032a79e0, 0x00000000032a7af0]

GC Heap History (10 events):
Event: 9.726 GC heap before
{Heap before GC invocations=14 (full 0):
 PSYoungGen      total 23040K, used 23023K [0x00000000eab00000, 0x00000000ed380000, 0x0000000100000000)
  eden space 19968K, 100% used [0x00000000eab00000,0x00000000ebe80000,0x00000000ebe80000)
  from space 3072K, 99% used [0x00000000ebe80000,0x00000000ec17bc80,0x00000000ec180000)
  to   space 4608K, 0% used [0x00000000ecf00000,0x00000000ecf00000,0x00000000ed380000)
 ParOldGen       total 123392K, used 9197K [0x00000000c0000000, 0x00000000c7880000, 0x00000000eab00000)
  object space 123392K, 7% used [0x00000000c0000000,0x00000000c08fb408,0x00000000c7880000)
 Metaspace       used 6001K, capacity 6960K, committed 7040K, reserved 1056768K
  class space    used 597K, capacity 616K, committed 640K, reserved 1048576K
Event: 9.766 GC heap after
Heap after GC invocations=14 (full 0):
 PSYoungGen      total 36864K, used 2784K [0x00000000eab00000, 0x00000000ed380000, 0x0000000100000000)
  eden space 32256K, 0% used [0x00000000eab00000,0x00000000eab00000,0x00000000eca80000)
  from space 4608K, 60% used [0x00000000ecf00000,0x00000000ed1b8000,0x00000000ed380000)
  to   space 4608K, 0% used [0x00000000eca80000,0x00000000eca80000,0x00000000ecf00000)
 ParOldGen       total 123392K, used 11752K [0x00000000c0000000, 0x00000000c7880000, 0x00000000eab00000)
  object space 123392K, 9% used [0x00000000c0000000,0x00000000c0b7a078,0x00000000c7880000)
 Metaspace       used 6001K, capacity 6960K, committed 7040K, reserved 1056768K
  class space    used 597K, capacity 616K, committed 640K, reserved 1048576K
}
Event: 11.160 GC heap before
{Heap before GC invocations=15 (full 0):
 PSYoungGen      total 36864K, used 35040K [0x00000000eab00000, 0x00000000ed380000, 0x0000000100000000)
  eden space 32256K, 100% used [0x00000000eab00000,0x00000000eca80000,0x00000000eca80000)
  from space 4608K, 60% used [0x00000000ecf00000,0x00000000ed1b8000,0x00000000ed380000)
  to   space 4608K, 0% used [0x00000000eca80000,0x00000000eca80000,0x00000000ecf00000)
 ParOldGen       total 123392K, used 11752K [0x00000000c0000000, 0x00000000c7880000, 0x00000000eab00000)
  object space 123392K, 9% used [0x00000000c0000000,0x00000000c0b7a078,0x00000000c7880000)
 Metaspace       used 6021K, capacity 6960K, committed 7040K, reserved 1056768K
  class space    used 597K, capacity 616K, committed 640K, reserved 1048576K
Event: 11.231 GC heap after
Heap after GC invocations=15 (full 0):
 PSYoungGen      total 36864K, used 4608K [0x00000000eab00000, 0x00000000eea80000, 0x0000000100000000)
  eden space 32256K, 0% used [0x00000000eab00000,0x00000000eab00000,0x00000000eca80000)
  from space 4608K, 100% used [0x00000000eca80000,0x00000000ecf00000,0x00000000ecf00000)
  to   space 6656K, 0% used [0x00000000ee400000,0x00000000ee400000,0x00000000eea80000)
 ParOldGen       total 123392K, used 15530K [0x00000000c0000000, 0x00000000c7880000, 0x00000000eab00000)
  object space 123392K, 12% used [0x00000000c0000000,0x00000000c0f2aa00,0x00000000c7880000)
 Metaspace       used 6021K, capacity 6960K, committed 7040K, reserved 1056768K
  class space    used 597K, capacity 616K, committed 640K, reserved 1048576K
}
Event: 12.600 GC heap before
{Heap before GC invocations=16 (full 0):
 PSYoungGen      total 36864K, used 36864K [0x00000000eab00000, 0x00000000eea80000, 0x0000000100000000)
  eden space 32256K, 100% used [0x00000000eab00000,0x00000000eca80000,0x00000000eca80000)
  from space 4608K, 100% used [0x00000000eca80000,0x00000000ecf00000,0x00000000ecf00000)
  to   space 6656K, 0% used [0x00000000ee400000,0x00000000ee400000,0x00000000eea80000)
 ParOldGen       total 123392K, used 15530K [0x00000000c0000000, 0x00000000c7880000, 0x00000000eab00000)
  object space 123392K, 12% used [0x00000000c0000000,0x00000000c0f2aa00,0x00000000c7880000)
 Metaspace       used 6052K, capacity 6960K, committed 7040K, reserved 1056768K
  class space    used 597K, capacity 616K, committed 640K, reserved 1048576K
Event: 15.418 GC heap after
Heap after GC invocations=16 (full 0):
 PSYoungGen      total 57344K, used 5312K [0x00000000eab00000, 0x00000000eec80000, 0x0000000100000000)
  eden space 50688K, 0% used [0x00000000eab00000,0x00000000eab00000,0x00000000edc80000)
  from space 6656K, 79% used [0x00000000ee400000,0x00000000ee930000,0x00000000eea80000)
  to   space 7680K, 0% used [0x00000000edc80000,0x00000000edc80000,0x00000000ee400000)
 ParOldGen       total 123392K, used 19988K [0x00000000c0000000, 0x00000000c7880000, 0x00000000eab00000)
  object space 123392K, 16% used [0x00000000c0000000,0x00000000c1385130,0x00000000c7880000)
 Metaspace       used 6052K, capacity 6960K, committed 7040K, reserved 1056768K
  class space    used 597K, capacity 616K, committed 640K, reserved 1048576K
}
Event: 18.567 GC heap before
{Heap before GC invocations=17 (full 0):
 PSYoungGen      total 57344K, used 56000K [0x00000000eab00000, 0x00000000eec80000, 0x0000000100000000)
  eden space 50688K, 100% used [0x00000000eab00000,0x00000000edc80000,0x00000000edc80000)
  from space 6656K, 79% used [0x00000000ee400000,0x00000000ee930000,0x00000000eea80000)
  to   space 7680K, 0% used [0x00000000edc80000,0x00000000edc80000,0x00000000ee400000)
 ParOldGen       total 123392K, used 19988K [0x00000000c0000000, 0x00000000c7880000, 0x00000000eab00000)
  object space 123392K, 16% used [0x00000000c0000000,0x00000000c1385130,0x00000000c7880000)
 Metaspace       used 6109K, capacity 7024K, committed 7296K, reserved 1056768K
  class space    used 597K, capacity 616K, committed 640K, reserved 1048576K
Event: 18.909 GC heap after
Heap after GC invocations=17 (full 0):
 PSYoungGen      total 58368K, used 7648K [0x00000000eab00000, 0x00000000f0580000, 0x0000000100000000)
  eden space 50688K, 0% used [0x00000000eab00000,0x00000000eab00000,0x00000000edc80000)
  from space 7680K, 99% used [0x00000000edc80000,0x00000000ee3f8010,0x00000000ee400000)
  to   space 10752K, 0% used [0x00000000efb00000,0x00000000efb00000,0x00000000f0580000)
 ParOldGen       total 123392K, used 25420K [0x00000000c0000000, 0x00000000c7880000, 0x00000000eab00000)
  object space 123392K, 20% used [0x00000000c0000000,0x00000000c18d32e8,0x00000000c7880000)
 Metaspace       used 6109K, capacity 7024K, committed 7296K, reserved 1056768K
  class space    used 597K, capacity 616K, committed 640K, reserved 1048576K
}
Event: 19.678 GC heap before
{Heap before GC invocations=18 (full 0):
 PSYoungGen      total 58368K, used 58336K [0x00000000eab00000, 0x00000000f0580000, 0x0000000100000000)
  eden space 50688K, 100% used [0x00000000eab00000,0x00000000edc80000,0x00000000edc80000)
  from space 7680K, 99% used [0x00000000edc80000,0x00000000ee3f8010,0x00000000ee400000)
  to   space 10752K, 0% used [0x00000000efb00000,0x00000000efb00000,0x00000000f0580000)
 ParOldGen       total 123392K, used 25420K [0x00000000c0000000, 0x00000000c7880000, 0x00000000eab00000)
  object space 123392K, 20% used [0x00000000c0000000,0x00000000c18d32e8,0x00000000c7880000)
 Metaspace       used 6119K, capacity 7024K, committed 7296K, reserved 1056768K
  class space    used 597K, capacity 616K, committed 640K, reserved 1048576K
Event: 19.785 GC heap after
Heap after GC invocations=18 (full 0):
 PSYoungGen      total 80896K, used 8256K [0x00000000eab00000, 0x00000000f0780000, 0x0000000100000000)
  eden space 70144K, 0% used [0x00000000eab00000,0x00000000eab00000,0x00000000eef80000)
  from space 10752K, 76% used [0x00000000efb00000,0x00000000f0310010,0x00000000f0580000)
  to   space 11776K, 0% used [0x00000000eef80000,0x00000000eef80000,0x00000000efb00000)
 ParOldGen       total 123392K, used 32997K [0x00000000c0000000, 0x00000000c7880000, 0x00000000eab00000)
  object space 123392K, 26% used [0x00000000c0000000,0x00000000c20396b0,0x00000000c7880000)
 Metaspace       used 6119K, capacity 7024K, committed 7296K, reserved 1056768K
  class space    used 597K, capacity 616K, committed 640K, reserved 1048576K
}

Deoptimization events (10 events):
Event: 11.925 Thread 0x0000000016118800 Uncommon trap: reason=bimorphic action=maybe_recompile pc=0x00000000031e5494 method=com.android.dx.cf.code.BytecodeArray.parseInstruction(ILcom/android/dx/cf/code/BytecodeArray$Visitor;)I @ 1130
Event: 11.925 Thread 0x0000000016118800 Uncommon trap: reason=bimorphic action=maybe_recompile pc=0x00000000031e5494 method=com.android.dx.cf.code.BytecodeArray.parseInstruction(ILcom/android/dx/cf/code/BytecodeArray$Visitor;)I @ 1130
Event: 15.813 Thread 0x000000001623d800 Uncommon trap: reason=bimorphic action=maybe_recompile pc=0x0000000002f9e258 method=com.android.dx.ssa.LiteralOpUpgrader.tryReplacingWithConstant(Lcom/android/dx/ssa/NormalSsaInsn;)Z @ 52
Event: 15.841 Thread 0x000000001623d800 Uncommon trap: reason=bimorphic action=maybe_recompile pc=0x0000000002f9e258 method=com.android.dx.ssa.LiteralOpUpgrader.tryReplacingWithConstant(Lcom/android/dx/ssa/NormalSsaInsn;)Z @ 52
Event: 17.245 Thread 0x0000000016114000 Uncommon trap: reason=class_check action=maybe_recompile pc=0x0000000002ec36bc method=java.util.HashMap.putVal(ILjava/lang/Object;Ljava/lang/Object;ZZ)Ljava/lang/Object; @ 203
Event: 19.253 Thread 0x0000000016114000 Uncommon trap: reason=unreached action=reinterpret pc=0x0000000002fa60ec method=com.android.dx.rop.code.LocalItem.compareHandlesNulls(Lcom/android/dx/rop/cst/CstString;Lcom/android/dx/rop/cst/CstString;)I @ 14
Event: 20.610 Thread 0x0000000016118800 Uncommon trap: reason=unreached action=reinterpret pc=0x0000000002f3d118 method=java.util.HashMap.getNode(ILjava/lang/Object;)Ljava/util/HashMap$Node; @ 84
Event: 20.613 Thread 0x0000000016118800 Uncommon trap: reason=unreached action=reinterpret pc=0x0000000002ea244c method=java.util.HashMap.getNode(ILjava/lang/Object;)Ljava/util/HashMap$Node; @ 84
Event: 20.613 Thread 0x0000000016118800 Uncommon trap: reason=unreached action=reinterpret pc=0x00000000030f71ac method=java.util.HashMap.getNode(ILjava/lang/Object;)Ljava/util/HashMap$Node; @ 84
Event: 21.316 Thread 0x0000000016114000 Uncommon trap: reason=unreached action=reinterpret pc=0x0000000002f78f8c method=com.android.dx.ssa.MoveParamCombiner$1.visitNonMoveInsn(Lcom/android/dx/ssa/NormalSsaInsn;)V @ 27

Internal exceptions (10 events):
Event: 3.590 Thread 0x0000000016118800 Exception <a 'java/security/PrivilegedActionException'> (0x00000000eae10dc0) thrown at [D:\re\workspace\8-2-build-windows-amd64-cygwin\jdk8u5\2488\hotspot\src\share\vm\prims\jvm.cpp, line 1248]
Event: 3.994 Thread 0x000000001611a800 Implicit null exception at 0x0000000002e481a2 to 0x0000000002e482a1
Event: 4.831 Thread 0x000000001623d800 Exception <a 'java/security/PrivilegedActionException'> (0x00000000eb5aa558) thrown at [D:\re\workspace\8-2-build-windows-amd64-cygwin\jdk8u5\2488\hotspot\src\share\vm\prims\jvm.cpp, line 1248]
Event: 7.612 Thread 0x0000000016118800 Implicit null exception at 0x0000000003047883 to 0x0000000003049e11
Event: 9.067 Thread 0x0000000002a2e000 Exception <a 'java/security/PrivilegedActionException'> (0x00000000eb922e08) thrown at [D:\re\workspace\8-2-build-windows-amd64-cygwin\jdk8u5\2488\hotspot\src\share\vm\prims\jvm.cpp, line 1248]
Event: 10.136 Thread 0x0000000016118800 Exception <a 'java/security/PrivilegedActionException'> (0x00000000eb11cf08) thrown at [D:\re\workspace\8-2-build-windows-amd64-cygwin\jdk8u5\2488\hotspot\src\share\vm\prims\jvm.cpp, line 1248]
Event: 19.253 Thread 0x0000000016114000 Implicit null exception at 0x0000000002fa4929 to 0x0000000002fa60d1
Event: 20.607 Thread 0x0000000016118800 Exception <a 'java/lang/ArrayIndexOutOfBoundsException': 18> (0x00000000ebad5ec8) thrown at [D:\re\workspace\8-2-build-windows-amd64-cygwin\jdk8u5\2488\hotspot\src\share\vm\interpreter\interpreterRuntime.cpp, line 337]
Event: 20.608 Thread 0x0000000016118800 Exception <a 'java/lang/ArrayIndexOutOfBoundsException'> (0x00000000ebad7960) thrown at [D:\re\workspace\8-2-build-windows-amd64-cygwin\jdk8u5\2488\hotspot\src\share\vm\runtime\sharedRuntime.cpp, line 595]
Event: 20.609 Thread 0x0000000016118800 Exception <a 'java/lang/ArrayIndexOutOfBoundsException'> (0x00000000ebad8b78) thrown at [D:\re\workspace\8-2-build-windows-amd64-cygwin\jdk8u5\2488\hotspot\src\share\vm\runtime\sharedRuntime.cpp, line 595]

Events (10 events):
Event: 20.765 Thread 0x000000001623d800 DEOPT UNPACKING pc=0x0000000002a77204 sp=0x0000000016aee5e0 mode 0
Event: 20.975 Thread 0x000000001623d800 DEOPT PACKING pc=0x000000000317caf2 sp=0x0000000016aee9c0
Event: 20.975 Thread 0x000000001623d800 DEOPT UNPACKING pc=0x0000000002a77204 sp=0x0000000016aee7f0 mode 0
Event: 21.007 Thread 0x000000001623d800 DEOPT PACKING pc=0x0000000002dcf6bb sp=0x0000000016aee7b0
Event: 21.007 Thread 0x000000001623d800 DEOPT UNPACKING pc=0x0000000002a77204 sp=0x0000000016aee530 mode 0
Event: 21.316 Thread 0x0000000016114000 Uncommon trap: trap_request=0xffffffad fr.pc=0x0000000002f78f8c
Event: 21.316 Thread 0x0000000016114000 DEOPT PACKING pc=0x0000000002f78f8c sp=0x00000000166eeb50
Event: 21.316 Thread 0x0000000016114000 DEOPT UNPACKING pc=0x0000000002a773ef sp=0x00000000166eeaa8 mode 2
Event: 21.448 Thread 0x000000001611a800 DEOPT PACKING pc=0x00000000030a67af sp=0x00000000169ee4d0
Event: 21.448 Thread 0x000000001611a800 DEOPT UNPACKING pc=0x0000000002a77204 sp=0x00000000169ee250 mode 0


Dynamic libraries:
0x00007ff61c7b0000 - 0x00007ff61c7e4000 	D:\Program Files\Java\jdk1.8.0_05\bin\java.exe
0x00007fffdc220000 - 0x00007fffdc3e1000 	C:\WINDOWS\SYSTEM32\ntdll.dll
0x00007fffd9860000 - 0x00007fffd990d000 	C:\WINDOWS\system32\KERNEL32.DLL
0x00007fffd8de0000 - 0x00007fffd8fc8000 	C:\WINDOWS\system32\KERNELBASE.dll
0x00007fffd9cf0000 - 0x00007fffd9d97000 	C:\WINDOWS\system32\ADVAPI32.dll
0x00007fffd9c50000 - 0x00007fffd9ced000 	C:\WINDOWS\system32\msvcrt.dll
0x00007fffd9f30000 - 0x00007fffd9f8b000 	C:\WINDOWS\system32\sechost.dll
0x00007fffd9630000 - 0x00007fffd974c000 	C:\WINDOWS\system32\RPCRT4.dll
0x00007fffd9910000 - 0x00007fffd9a66000 	C:\WINDOWS\system32\USER32.dll
0x00007fffd9da0000 - 0x00007fffd9f26000 	C:\WINDOWS\system32\GDI32.dll
0x00007fffd4e40000 - 0x00007fffd50b4000 	C:\WINDOWS\WinSxS\amd64_microsoft.windows.common-controls_6595b64144ccf1df_6.0.10586.494_none_a2d8b04ea53e3145\COMCTL32.dll
0x00007fffdbde0000 - 0x00007fffdc05d000 	C:\WINDOWS\system32\combase.dll
0x00007fffd8d50000 - 0x00007fffd8dba000 	C:\WINDOWS\system32\bcryptPrimitives.dll
0x00007fffd9750000 - 0x00007fffd978b000 	C:\WINDOWS\system32\IMM32.DLL
0x00007fffd8730000 - 0x00007fffd8761000 	C:\Windows\system32\nvinitx.dll
0x00007fffd8720000 - 0x00007fffd872a000 	C:\WINDOWS\SYSTEM32\VERSION.dll
0x00000000642e0000 - 0x00000000642e6000 	C:\Program Files\NVIDIA Corporation\CoProcManager\_etoured.dll
0x00007fffd5db0000 - 0x00007fffd5de2000 	C:\Program Files\NVIDIA Corporation\CoProcManager\nvd3d9wrapx.dll
0x00007fffdb990000 - 0x00007fffdbdb9000 	C:\WINDOWS\system32\SETUPAPI.dll
0x00007fffd88d0000 - 0x00007fffd8913000 	C:\WINDOWS\system32\CFGMGR32.dll
0x00007fffd5d80000 - 0x00007fffd5da2000 	C:\Program Files\NVIDIA Corporation\CoProcManager\nvdxgiwrapx.dll
0x0000000061300000 - 0x00000000613d2000 	D:\Program Files\Java\jdk1.8.0_05\jre\bin\msvcr100.dll
0x0000000061970000 - 0x000000006219a000 	D:\Program Files\Java\jdk1.8.0_05\jre\bin\server\jvm.dll
0x00007fffdbdc0000 - 0x00007fffdbdc8000 	C:\WINDOWS\system32\PSAPI.DLL
0x00007fffcbdb0000 - 0x00007fffcbdb9000 	C:\WINDOWS\SYSTEM32\WSOCK32.dll
0x00007fffd9b80000 - 0x00007fffd9beb000 	C:\WINDOWS\system32\WS2_32.dll
0x00007fffd6a70000 - 0x00007fffd6a93000 	C:\WINDOWS\SYSTEM32\WINMM.dll
0x00007fffd6a10000 - 0x00007fffd6a3c000 	C:\WINDOWS\SYSTEM32\WINMMBASE.dll
0x0000000062a00000 - 0x0000000062a0f000 	D:\Program Files\Java\jdk1.8.0_05\jre\bin\verify.dll
0x00000000629d0000 - 0x00000000629f8000 	D:\Program Files\Java\jdk1.8.0_05\jre\bin\java.dll
0x00000000629b0000 - 0x00000000629c6000 	D:\Program Files\Java\jdk1.8.0_05\jre\bin\zip.dll
0x00007fffda430000 - 0x00007fffdb98c000 	C:\WINDOWS\system32\SHELL32.dll
0x00007fffd8fd0000 - 0x00007fffd9615000 	C:\WINDOWS\system32\windows.storage.dll
0x00007fffd9bf0000 - 0x00007fffd9c42000 	C:\WINDOWS\system32\shlwapi.dll
0x00007fffd88c0000 - 0x00007fffd88cf000 	C:\WINDOWS\system32\kernel.appcore.dll
0x00007fffd8c90000 - 0x00007fffd8d45000 	C:\WINDOWS\system32\shcore.dll
0x00007fffd8870000 - 0x00007fffd88bb000 	C:\WINDOWS\system32\powrprof.dll
0x00007fffd8840000 - 0x00007fffd8854000 	C:\WINDOWS\system32\profapi.dll
0x00007fffbe430000 - 0x00007fffbe5bc000 	C:\WINDOWS\SYSTEM32\dbghelp.dll

VM Arguments:
jvm_args: -Djava.awt.headless=true -Xmx1024M -Dfile.encoding=GBK -Duser.country=CN -Duser.language=zh -Duser.variant 
java_command: com.android.dx.command.Main --dex --num-threads=4 --output F:\AndroidstudioProjects\Loushi\app\build\intermediates\pre-dexed\afterABI\debug\com.android.support-support-v4-24.1.1_cdb1d3499f3dd8a5181f006a3d4998fb3619d403.jar F:\AndroidstudioProjects\Loushi\app\build\intermediates\exploded-aar\com.android.support\support-v4\24.1.1\jars\classes.jar
java_class_path (initial): D:\Program Files\Android\android-sdk\build-tools\23.0.2\lib\dx.jar
Launcher Type: SUN_STANDARD

Environment Variables:
JAVA_HOME=D:\Program Files\Java\jdk1.8.0_05
CLASSPATH=.;D:\Program Files\Java\jdk1.8.0_05\lib\dt.jar;D:\Program Files\Java\jdk1.8.0_05\lib\tools.jar
PATH=.;E:\SomethingDownloads\android-ndk-r7b-windows\android-ndk-r7b\;D:\Program Files\Java\jdk1.8.0_05\jre\bin;C:\WINDOWS\system32;C:\WINDOWS;C:\WINDOWS\System32\Wbem;C:\WINDOWS\System32\WindowsPowerShell\v1.0\;D:\Program Files\MySQL Server 5.6\mysql-5.6.20-winx64\bin;D:\Program Files\Android\android-sdk\platform-tools;D:\Program Files\Android\android-sdk\tools;E:\SomethingDownloads\adt-bundle-windows-x86_64-20140321\sdk\platform-tools;E:\SomethingDownloads\adt-bundle-windows-x86_64-20140321\sdk\tools;D:\MATLAB\runtime\win64;D:\MATLAB\bin;D:\MATLAB\polyspace\bin;D:\Program Files\Apache Software Foundation\Tomcat 7.0\bin;D:\Program Files\VisualSVN Server\bin;D:\Program Files\TortoiseSVN\bin;D:\Program Files\Java\jdk1.8.0_05\bin;D:\GoogleDownload\sublime text\ctags58
USERNAME=binpeiluo
OS=Windows_NT
PROCESSOR_IDENTIFIER=Intel64 Family 6 Model 58 Stepping 9, GenuineIntel



---------------  S Y S T E M  ---------------

OS: Windows 8.1 , 64 bit Build 9600 

CPU:total 2 (2 cores per cpu, 1 threads per core) family 6 model 58 stepping 9, cmov, cx8, fxsr, mmx, sse, sse2, sse3, ssse3, sse4.1, sse4.2, popcnt, clmul, erms, tsc, tscinvbit

Memory: 4k page, physical 7960016k(4213072k free), swap 11105744k(14228k free)

vm_info: Java HotSpot(TM) 64-Bit Server VM (25.5-b02) for windows-amd64 JRE (1.8.0_05-b13), built on Mar 18 2014 01:08:39 by "java_re" with MS VC++ 10.0 (VS2010)

time: Sat Aug 13 20:41:11 2016
elapsed time: 22 seconds

